<?xml version="1.0" encoding="UTF-8"?>
<testsuite name="xjtlu.cpt108.collections.linkedList.TestByMingjie" tests="10" skipped="0" failures="0" errors="0" timestamp="2024-04-20T19:10:57" hostname="DESKTOP-C7NKKQU" time="0.034">
  <properties/>
  <testcase name="testAdd()" classname="xjtlu.cpt108.collections.linkedList.TestByMingjie" time="0.005"/>
  <testcase name="testGet()" classname="xjtlu.cpt108.collections.linkedList.TestByMingjie" time="0.001"/>
  <testcase name="testClear()" classname="xjtlu.cpt108.collections.linkedList.TestByMingjie" time="0.002"/>
  <testcase name="testFirst()" classname="xjtlu.cpt108.collections.linkedList.TestByMingjie" time="0.003"/>
  <testcase name="testLast()" classname="xjtlu.cpt108.collections.linkedList.TestByMingjie" time="0.002"/>
  <testcase name="testSize()" classname="xjtlu.cpt108.collections.linkedList.TestByMingjie" time="0.001"/>
  <testcase name="testRemoveByIndex()" classname="xjtlu.cpt108.collections.linkedList.TestByMingjie" time="0.001"/>
  <testcase name="testRemoveByNode()" classname="xjtlu.cpt108.collections.linkedList.TestByMingjie" time="0.002"/>
  <testcase name="testContains()" classname="xjtlu.cpt108.collections.linkedList.TestByMingjie" time="0.001"/>
  <testcase name="testIsEmpty()" classname="xjtlu.cpt108.collections.linkedList.TestByMingjie" time="0.001"/>
  <system-out><![CDATA[]]></system-out>
  <system-err><![CDATA[]]></system-err>
</testsuite>
